<?xml version="1.0" encoding="UTF-8"?>
<!-- Generated by org.testng.reporters.JUnitXMLReporter -->
<testsuite ignored="0" hostname="PSSHYDSYS007" failures="0" tests="3" name="Default test" time="171.365" errors="0" timestamp="2023-01-27T09:47:11 IST">
  <testcase classname="testCases.LeaveConfiguration_PageTest" name="validateLeaveconfigpageURL" time="14.068"/>
  <testcase classname="testCases.LeaveConfiguration_PageTest" name="leaveConfigurationdata" time="68.528"/>
  <testcase classname="testCases.LeaveConfiguration_PageTest" name="deletebranch" time="32.017"/>
</testsuite> <!-- Default test -->
