<?xml version="1.0" encoding="UTF-8"?>
<!-- Generated by org.testng.reporters.JUnitXMLReporter -->
<testsuite ignored="0" hostname="PSSHYDSYS007" failures="0" tests="3" name="Test" time="157.712" errors="0" timestamp="2023-01-25T17:22:47 IST">
  <testcase classname="testCases.BranchMaster_PageTest" name="validateHomePageTestURL" time="14.96"/>
  <testcase classname="testCases.BranchMaster_PageTest" name="BranchMasterData" time="37.465"/>
  <testcase classname="testCases.BranchMaster_PageTest" name="deletebranch" time="41.461"/>
</testsuite> <!-- Test -->
