<?xml version="1.0" encoding="UTF-8"?>
<testng-results ignored="0" total="2" passed="2" failed="0" skipped="0">
  <reporter-output>
  </reporter-output>
  <suite started-at="2022-09-12T14:14:57 IST" name="Surefire suite" finished-at="2022-09-12T14:15:30 IST" duration-ms="32862">
    <groups>
    </groups>
    <test started-at="2022-09-12T14:14:57 IST" name="Surefire test" finished-at="2022-09-12T14:15:30 IST" duration-ms="32862">
      <class name="testCases.LoginTest">
        <test-method is-config="true" signature="setUp()[pri:0, instance:testCases.LoginTest@70e9c95d]" started-at="2022-09-12T14:14:57 IST" name="setUp" finished-at="2022-09-12T14:15:08 IST" duration-ms="10919" status="PASS">
          <reporter-output>
          </reporter-output>
        </test-method> <!-- setUp -->
        <test-method signature="loginPageTitleTest()[pri:1, instance:testCases.LoginTest@70e9c95d]" started-at="2022-09-12T14:15:08 IST" name="loginPageTitleTest" finished-at="2022-09-12T14:15:08 IST" duration-ms="17" status="PASS">
          <reporter-output>
          </reporter-output>
        </test-method> <!-- loginPageTitleTest -->
        <test-method is-config="true" signature="tearDown()[pri:0, instance:testCases.LoginTest@70e9c95d]" started-at="2022-09-12T14:15:08 IST" name="tearDown" finished-at="2022-09-12T14:15:09 IST" duration-ms="624" status="PASS">
          <reporter-output>
          </reporter-output>
        </test-method> <!-- tearDown -->
        <test-method is-config="true" signature="setUp()[pri:0, instance:testCases.LoginTest@70e9c95d]" started-at="2022-09-12T14:15:09 IST" name="setUp" finished-at="2022-09-12T14:15:14 IST" duration-ms="5035" status="PASS">
          <reporter-output>
          </reporter-output>
        </test-method> <!-- setUp -->
        <test-method signature="loginTest()[pri:2, instance:testCases.LoginTest@70e9c95d]" started-at="2022-09-12T14:15:14 IST" name="loginTest" finished-at="2022-09-12T14:15:29 IST" duration-ms="15482" status="PASS">
          <reporter-output>
          </reporter-output>
        </test-method> <!-- loginTest -->
        <test-method is-config="true" signature="tearDown()[pri:0, instance:testCases.LoginTest@70e9c95d]" started-at="2022-09-12T14:15:29 IST" name="tearDown" finished-at="2022-09-12T14:15:30 IST" duration-ms="645" status="PASS">
          <reporter-output>
          </reporter-output>
        </test-method> <!-- tearDown -->
      </class> <!-- testCases.LoginTest -->
    </test> <!-- Surefire test -->
  </suite> <!-- Surefire suite -->
</testng-results>
