<?xml version="1.0" encoding="UTF-8"?>
<testng-results ignored="0" total="2" passed="2" failed="0" skipped="0">
  <reporter-output>
  </reporter-output>
  <suite started-at="2022-09-26T20:01:22 IST" name="Default suite" finished-at="2022-09-26T20:02:12 IST" duration-ms="49975">
    <groups>
    </groups>
    <test started-at="2022-09-26T20:01:22 IST" name="Default test" finished-at="2022-09-26T20:02:12 IST" duration-ms="49975">
      <class name="testCases.DepartmentName_PageTest">
        <test-method is-config="true" signature="setup()[pri:0, instance:testCases.DepartmentName_PageTest@3ba987b8]" started-at="2022-09-26T20:01:23 IST" name="setup" finished-at="2022-09-26T20:01:36 IST" duration-ms="13090" status="PASS">
          <reporter-output>
          </reporter-output>
        </test-method> <!-- setup -->
        <test-method signature="DepartmentData(java.lang.String,java.lang.String)[pri:0, instance:testCases.DepartmentName_PageTest@3ba987b8]" started-at="2022-09-26T20:01:36 IST" name="DepartmentData" data-provider="readexcel" finished-at="2022-09-26T20:01:41 IST" duration-ms="5000" status="PASS">
          <params>
            <param index="0">
              <value>
                <![CDATA[supradeeptest]]>
              </value>
            </param>
            <param index="1">
              <value>
                <![CDATA[Hello Test]]>
              </value>
            </param>
          </params>
          <reporter-output>
          </reporter-output>
        </test-method> <!-- DepartmentData -->
        <test-method is-config="true" signature="quit()[pri:0, instance:testCases.DepartmentName_PageTest@3ba987b8]" started-at="2022-09-26T20:01:41 IST" name="quit" finished-at="2022-09-26T20:01:47 IST" duration-ms="6159" status="PASS">
          <reporter-output>
          </reporter-output>
        </test-method> <!-- quit -->
        <test-method is-config="true" signature="setup()[pri:0, instance:testCases.DepartmentName_PageTest@3ba987b8]" started-at="2022-09-26T20:01:47 IST" name="setup" finished-at="2022-09-26T20:01:59 IST" duration-ms="12072" status="PASS">
          <reporter-output>
          </reporter-output>
        </test-method> <!-- setup -->
        <test-method signature="DepartmentData(java.lang.String,java.lang.String)[pri:0, instance:testCases.DepartmentName_PageTest@3ba987b8]" started-at="2022-09-26T20:01:59 IST" name="DepartmentData" data-provider="readexcel" finished-at="2022-09-26T20:02:05 IST" duration-ms="6181" status="PASS">
          <params>
            <param index="0">
              <value>
                <![CDATA[Muralitest]]>
              </value>
            </param>
            <param index="1">
              <value>
                <![CDATA[Hello Test]]>
              </value>
            </param>
          </params>
          <reporter-output>
          </reporter-output>
        </test-method> <!-- DepartmentData -->
        <test-method is-config="true" signature="quit()[pri:0, instance:testCases.DepartmentName_PageTest@3ba987b8]" started-at="2022-09-26T20:02:05 IST" name="quit" finished-at="2022-09-26T20:02:12 IST" duration-ms="6473" status="PASS">
          <reporter-output>
          </reporter-output>
        </test-method> <!-- quit -->
      </class> <!-- testCases.DepartmentName_PageTest -->
    </test> <!-- Default test -->
  </suite> <!-- Default suite -->
</testng-results>
